Number of Timing Constraints that were not applied: 2

Asterisk (*) preceding a constraint indicates it was not met.
   This may be due to a setup or hold violation.

------------------------------------------------------------------------------------------------------
  Constraint                                |  Check  | Worst Case |  Best Case | Timing |   Timing   
                                            |         |    Slack   | Achievable | Errors |    Score   
------------------------------------------------------------------------------------------------------
* TS_clock_generator_0_clock_generator_0_PL | SETUP   |     0.001ns|     6.664ns|       0|           0
  L0_CLK_OUT_0_ = PERIOD TIMEGRP         "c | HOLD    |    -0.010ns|            |       3|          21
  lock_generator_0_clock_generator_0_PLL0_C |         |            |            |        |            
  LK_OUT_0_" TS_sys_clk_pin /         1.5 H |         |            |            |        |            
  IGH 50%                                   |         |            |            |        |            
------------------------------------------------------------------------------------------------------
  TS_clock_generator_0_clock_generator_0_PL | SETUP   |     0.005ns|    13.328ns|       0|           0
  L0_CLK_OUT_2_ = PERIOD TIMEGRP         "c | HOLD    |     0.185ns|            |       0|           0
  lock_generator_0_clock_generator_0_PLL0_C |         |            |            |        |            
  LK_OUT_2_" TS_sys_clk_pin /         0.75  |         |            |            |        |            
  HIGH 50%                                  |         |            |            |        |            
------------------------------------------------------------------------------------------------------
  TS_DQ_CE = MAXDELAY FROM TIMEGRP "TNM_DQ_ | SETUP   |     0.011ns|     1.889ns|       0|           0
  CE_IDDR" TO TIMEGRP "TNM_DQS_FLOPS"       | HOLD    |     1.013ns|            |       0|           0
     1.9 ns                                 |         |            |            |        |            
------------------------------------------------------------------------------------------------------
  NET         "DDR2_SDRAM/DDR2_SDRAM/mpmc_c | MAXDELAY|     0.012ns|     0.838ns|       0|           0
  ore_0/gen_v5_ddr2_phy.mpmc_phy_if_0/u_phy |         |            |            |        |            
  _io_0/gen_dqs[7].u_iob_dqs/en_dqs_sync"   |         |            |            |        |            
         MAXDELAY = 0.85 ns                 |         |            |            |        |            
------------------------------------------------------------------------------------------------------
  NET         "DDR2_SDRAM/DDR2_SDRAM/mpmc_c | MAXDELAY|     0.012ns|     0.838ns|       0|           0
  ore_0/gen_v5_ddr2_phy.mpmc_phy_if_0/u_phy |         |            |            |        |            
  _io_0/gen_dqs[6].u_iob_dqs/en_dqs_sync"   |         |            |            |        |            
         MAXDELAY = 0.85 ns                 |         |            |            |        |            
------------------------------------------------------------------------------------------------------
  NET         "DDR2_SDRAM/DDR2_SDRAM/mpmc_c | MAXDELAY|     0.012ns|     0.838ns|       0|           0
  ore_0/gen_v5_ddr2_phy.mpmc_phy_if_0/u_phy |         |            |            |        |            
  _io_0/gen_dqs[2].u_iob_dqs/en_dqs_sync"   |         |            |            |        |            
         MAXDELAY = 0.85 ns                 |         |            |            |        |            
------------------------------------------------------------------------------------------------------
  NET         "DDR2_SDRAM/DDR2_SDRAM/mpmc_c | MAXDELAY|     0.012ns|     0.838ns|       0|           0
  ore_0/gen_v5_ddr2_phy.mpmc_phy_if_0/u_phy |         |            |            |        |            
  _io_0/gen_dqs[4].u_iob_dqs/en_dqs_sync"   |         |            |            |        |            
         MAXDELAY = 0.85 ns                 |         |            |            |        |            
------------------------------------------------------------------------------------------------------
  NET         "DDR2_SDRAM/DDR2_SDRAM/mpmc_c | MAXDELAY|     0.012ns|     0.838ns|       0|           0
  ore_0/gen_v5_ddr2_phy.mpmc_phy_if_0/u_phy |         |            |            |        |            
  _io_0/gen_dqs[3].u_iob_dqs/en_dqs_sync"   |         |            |            |        |            
         MAXDELAY = 0.85 ns                 |         |            |            |        |            
------------------------------------------------------------------------------------------------------
  NET         "DDR2_SDRAM/DDR2_SDRAM/mpmc_c | MAXDELAY|     0.015ns|     0.835ns|       0|           0
  ore_0/gen_v5_ddr2_phy.mpmc_phy_if_0/u_phy |         |            |            |        |            
  _io_0/gen_dqs[0].u_iob_dqs/en_dqs_sync"   |         |            |            |        |            
         MAXDELAY = 0.85 ns                 |         |            |            |        |            
------------------------------------------------------------------------------------------------------
  NET         "DDR2_SDRAM/DDR2_SDRAM/mpmc_c | MAXDELAY|     0.015ns|     0.835ns|       0|           0
  ore_0/gen_v5_ddr2_phy.mpmc_phy_if_0/u_phy |         |            |            |        |            
  _io_0/gen_dqs[1].u_iob_dqs/en_dqs_sync"   |         |            |            |        |            
         MAXDELAY = 0.85 ns                 |         |            |            |        |            
------------------------------------------------------------------------------------------------------
  NET         "DDR2_SDRAM/DDR2_SDRAM/mpmc_c | MAXDELAY|     0.015ns|     0.835ns|       0|           0
  ore_0/gen_v5_ddr2_phy.mpmc_phy_if_0/u_phy |         |            |            |        |            
  _io_0/gen_dqs[5].u_iob_dqs/en_dqs_sync"   |         |            |            |        |            
         MAXDELAY = 0.85 ns                 |         |            |            |        |            
------------------------------------------------------------------------------------------------------
  NET         "DDR2_SDRAM/DDR2_SDRAM/mpmc_c | MAXDELAY|     0.069ns|     0.531ns|       0|           0
  ore_0/gen_v5_ddr2_phy.mpmc_phy_if_0/u_phy |         |            |            |        |            
  _io_0/en_dqs<4>"         MAXDELAY = 0.6 n |         |            |            |        |            
  s                                         |         |            |            |        |            
------------------------------------------------------------------------------------------------------
  NET         "DDR2_SDRAM/DDR2_SDRAM/mpmc_c | MAXDELAY|     0.069ns|     0.531ns|       0|           0
  ore_0/gen_v5_ddr2_phy.mpmc_phy_if_0/u_phy |         |            |            |        |            
  _io_0/en_dqs<0>"         MAXDELAY = 0.6 n |         |            |            |        |            
  s                                         |         |            |            |        |            
------------------------------------------------------------------------------------------------------
  NET         "DDR2_SDRAM/DDR2_SDRAM/mpmc_c | MAXDELAY|     0.072ns|     0.528ns|       0|           0
  ore_0/gen_v5_ddr2_phy.mpmc_phy_if_0/u_phy |         |            |            |        |            
  _io_0/en_dqs<1>"         MAXDELAY = 0.6 n |         |            |            |        |            
  s                                         |         |            |            |        |            
------------------------------------------------------------------------------------------------------
  NET         "DDR2_SDRAM/DDR2_SDRAM/mpmc_c | MAXDELAY|     0.073ns|     0.527ns|       0|           0
  ore_0/gen_v5_ddr2_phy.mpmc_phy_if_0/u_phy |         |            |            |        |            
  _io_0/en_dqs<3>"         MAXDELAY = 0.6 n |         |            |            |        |            
  s                                         |         |            |            |        |            
------------------------------------------------------------------------------------------------------
  NET         "DDR2_SDRAM/DDR2_SDRAM/mpmc_c | MAXDELAY|     0.073ns|     0.527ns|       0|           0
  ore_0/gen_v5_ddr2_phy.mpmc_phy_if_0/u_phy |         |            |            |        |            
  _io_0/en_dqs<6>"         MAXDELAY = 0.6 n |         |            |            |        |            
  s                                         |         |            |            |        |            
------------------------------------------------------------------------------------------------------
  NET         "DDR2_SDRAM/DDR2_SDRAM/mpmc_c | MAXDELAY|     0.079ns|     0.521ns|       0|           0
  ore_0/gen_v5_ddr2_phy.mpmc_phy_if_0/u_phy |         |            |            |        |            
  _io_0/en_dqs<2>"         MAXDELAY = 0.6 n |         |            |            |        |            
  s                                         |         |            |            |        |            
------------------------------------------------------------------------------------------------------
  NET         "DDR2_SDRAM/DDR2_SDRAM/mpmc_c | MAXDELAY|     0.079ns|     0.521ns|       0|           0
  ore_0/gen_v5_ddr2_phy.mpmc_phy_if_0/u_phy |         |            |            |        |            
  _io_0/en_dqs<5>"         MAXDELAY = 0.6 n |         |            |            |        |            
  s                                         |         |            |            |        |            
------------------------------------------------------------------------------------------------------
  NET         "DDR2_SDRAM/DDR2_SDRAM/mpmc_c | MAXDELAY|     0.079ns|     0.521ns|       0|           0
  ore_0/gen_v5_ddr2_phy.mpmc_phy_if_0/u_phy |         |            |            |        |            
  _io_0/en_dqs<7>"         MAXDELAY = 0.6 n |         |            |            |        |            
  s                                         |         |            |            |        |            
------------------------------------------------------------------------------------------------------
  TS_clock_generator_0_clock_generator_0_PL | SETUP   |     1.349ns|     5.300ns|       0|           0
  L0_CLK_OUT_1_ = PERIOD TIMEGRP         "c | HOLD    |     0.341ns|            |       0|           0
  lock_generator_0_clock_generator_0_PLL0_C |         |            |            |        |            
  LK_OUT_1_" TS_sys_clk_pin /         1.5 P |         |            |            |        |            
  HASE 1.667 ns HIGH 50%                    |         |            |            |        |            
------------------------------------------------------------------------------------------------------
  TS_MC_RD_DATA_SEL = MAXDELAY FROM TIMEGRP | SETUP   |    13.946ns|     6.054ns|       0|           0
   "TNM_RD_DATA_SEL" TO TIMEGRP "FFS"       | HOLD    |     0.274ns|            |       0|           0
     TS_sys_clk_pin * 2                     |         |            |            |        |            
------------------------------------------------------------------------------------------------------
  TS_MC_PHY_INIT_DATA_SEL_90 = MAXDELAY FRO | SETUP   |    13.953ns|     6.047ns|       0|           0
  M TIMEGRP "TNM_PHY_INIT_DATA_SEL" TO      | HOLD    |     0.159ns|            |       0|           0
      TIMEGRP "FFS" TS_sys_clk_pin * 2      |         |            |            |        |            
------------------------------------------------------------------------------------------------------
  TS_MC_GATE_DLY = MAXDELAY FROM TIMEGRP "T | SETUP   |    16.322ns|     3.678ns|       0|           0
  NM_GATE_DLY" TO TIMEGRP "FFS"         TS_ | HOLD    |     0.108ns|            |       0|           0
  sys_clk_pin * 2                           |         |            |            |        |            
------------------------------------------------------------------------------------------------------
  TS_MC_CAL_RDEN_DLY = MAXDELAY FROM TIMEGR | SETUP   |    18.092ns|     1.908ns|       0|           0
  P "TNM_CAL_RDEN_DLY" TO TIMEGRP "FFS"     | HOLD    |     0.102ns|            |       0|           0
       TS_sys_clk_pin * 2                   |         |            |            |        |            
------------------------------------------------------------------------------------------------------
  TS_MC_RDEN_DLY = MAXDELAY FROM TIMEGRP "T | SETUP   |    18.119ns|     1.881ns|       0|           0
  NM_RDEN_DLY" TO TIMEGRP "FFS"         TS_ | HOLD    |     0.075ns|            |       0|           0
  sys_clk_pin * 2                           |         |            |            |        |            
------------------------------------------------------------------------------------------------------
  NET "fpga_0_SysACE_CompactFlash_SysACE_CL | SETUP   |    27.076ns|     2.924ns|       0|           0
  K_pin_BUFGP/IBUFG" PERIOD = 30 ns         | HOLD    |     0.348ns|            |       0|           0
   HIGH 50%                                 |         |            |            |        |            
------------------------------------------------------------------------------------------------------
  TS_MC_PHY_INIT_DATA_SEL_0 = MAXDELAY FROM | N/A     |         N/A|         N/A|     N/A|         N/A
   TIMEGRP "TNM_PHY_INIT_DATA_SEL" TO       |         |            |            |        |            
     TIMEGRP "FFS" TS_sys_clk_pin * 2       |         |            |            |        |            
------------------------------------------------------------------------------------------------------
  TS_sys_clk_pin = PERIOD TIMEGRP "sys_clk_ | N/A     |         N/A|         N/A|     N/A|         N/A
  pin" 10 ns HIGH 50%                       |         |            |            |        |            
------------------------------------------------------------------------------------------------------


Derived Constraint Report
Derived Constraints for TS_sys_clk_pin
+-------------------------------+-------------+-------------+-------------+-------------+-------------+-------------+-------------+
|                               |   Period    |       Actual Period       |      Timing Errors        |      Paths Analyzed       |
|           Constraint          | Requirement |-------------+-------------|-------------+-------------|-------------+-------------|
|                               |             |   Direct    | Derivative  |   Direct    | Derivative  |   Direct    | Derivative  |
+-------------------------------+-------------+-------------+-------------+-------------+-------------+-------------+-------------+
|TS_sys_clk_pin                 |     10.000ns|          N/A|      9.996ns|            0|            3|            0|      6910005|
| TS_MC_RD_DATA_SEL             |     20.000ns|      6.054ns|          N/A|            0|            0|          384|            0|
| TS_MC_PHY_INIT_DATA_SEL_0     |     20.000ns|          N/A|          N/A|            0|            0|            0|            0|
| TS_MC_PHY_INIT_DATA_SEL_90    |     20.000ns|      6.047ns|          N/A|            0|            0|           41|            0|
| TS_MC_GATE_DLY                |     20.000ns|      3.678ns|          N/A|            0|            0|           40|            0|
| TS_MC_RDEN_DLY                |     20.000ns|      1.881ns|          N/A|            0|            0|            5|            0|
| TS_MC_CAL_RDEN_DLY            |     20.000ns|      1.908ns|          N/A|            0|            0|            5|            0|
| TS_clock_generator_0_clock_gen|      6.667ns|      6.664ns|          N/A|            3|            0|        14970|            0|
| erator_0_PLL0_CLK_OUT_0_      |             |             |             |             |             |             |             |
| TS_clock_generator_0_clock_gen|      6.667ns|      5.300ns|          N/A|            0|            0|          894|            0|
| erator_0_PLL0_CLK_OUT_1_      |             |             |             |             |             |             |             |
| TS_clock_generator_0_clock_gen|     13.333ns|     13.328ns|          N/A|            0|            0|      6893666|            0|
| erator_0_PLL0_CLK_OUT_2_      |             |             |             |             |             |             |             |
+-------------------------------+-------------+-------------+-------------+-------------+-------------+-------------+-------------+

1 constraint not met.
INFO:Timing:2761 - N/A entries in the Constraints list may indicate that the 
   constraint does not cover any paths or that it has no requested value.


