iMPACT Version: 10.1.03

iMPACT log file Started on Wed Sep 11 21:23:40 2013

// *** BATCH CMD : loadProjectFile -file"/homes/ugrad/billlipeng/ecen449/lab1b/lab1b.ipf"
Reusing A0030001 key.
Reusing 24030001 key.
 Using libusb.
Connecting to cable (Usb Port - USB21).
Checking cable driver.
File version of /softwares/Linux/xilinx/10.1/ISE/bin/lin64/xusbdfwu.hex = 1030.
File version of /usr/share/xusbdfwu.hex = 1030.
 Using libusb.
 Max current requested during enumeration is 74 mA.
Type = 0x0004.
 Cable Type = 3, Revision = 0.
 Setting cable speed to 6 MHz.
Cable connection established.
Firmware version = 1303.
File version of /softwares/Linux/xilinx/10.1/ISE/data/xusb_xlp.hex = 1303.
Firmware hex file version = 1303.
PLD file version = 0012h.
 PLD version = 0012h.
INFO:iMPACT:1777 - 
   Reading /softwares/Linux/xilinx/10.1/ISE/xcfp/data/xcf32p.bsd...
INFO:iMPACT:501 - '1': Added Device xcf32p successfully.
----------------------------------------------------------------------
----------------------------------------------------------------------
INFO:iMPACT:1835 - Loading CFI file -- File ? --.cfi
CFI file not found, proceed with device default setting.
INFO:iMPACT:501 - '2': Added Device xcf32p successfully.
----------------------------------------------------------------------
----------------------------------------------------------------------
INFO:iMPACT:1835 - Loading CFI file -- File ? --.cfi
CFI file not found, proceed with device default setting.
INFO:iMPACT:1777 - 
   Reading /softwares/Linux/xilinx/10.1/ISE/xc9500xl/data/xc95144xl.bsd...
INFO:iMPACT:501 - '3': Added Device xc95144xl successfully.
----------------------------------------------------------------------
----------------------------------------------------------------------
INFO:iMPACT:1777 - 
   Reading /softwares/Linux/xilinx/10.1/ISE/acecf/data/xccace.bsd...
INFO:iMPACT:501 - '4': Added Device xccace successfully.
----------------------------------------------------------------------
----------------------------------------------------------------------
'5': Loading file '/homes/ugrad/billlipeng/ecen449/lab1b/led_count.bit' ...
done.
INFO:iMPACT:1777 - 
   Reading /softwares/Linux/xilinx/10.1/ISE/virtex5/data/xc5vlx110t.bsd...
INFO:iMPACT:2257 - Startup Clock has been changed to 'JtagClk' in the bitstream   stored in memory,
   but the original bitstream file remains unchanged.
INFO:iMPACT:501 - '5': Added Device xc5vlx110t successfully.
----------------------------------------------------------------------
----------------------------------------------------------------------
Active mode is BS
// *** BATCH CMD : setMode -ss
// *** BATCH CMD : setMode -sm
// *** BATCH CMD : setMode -hw140
// *** BATCH CMD : setMode -spi
// *** BATCH CMD : setMode -acecf
// *** BATCH CMD : setMode -acempm
// *** BATCH CMD : setMode -pff
// *** BATCH CMD : setMode -bs
// *** BATCH CMD : setMode -bs
// *** BATCH CMD : setMode -bs
// *** BATCH CMD : setMode -bs
// *** BATCH CMD : Program -p 5 
Maximum TCK operating frequency for this device chain: 10000000.
Validating chain...
Boundary-scan chain validated successfully.
5: Device Temperature: Current Reading:   40.04 C, Min. Reading:   39.05 C, Max.Reading:   40.04 C
5: VCCINT Supply: Current Reading:   0.999 V, Min. Reading:   0.999 V, Max.Reading:   1.002 V
5: VCCAUX Supply: Current Reading:   2.493 V, Min. Reading:   2.493 V, Max.Reading:   2.496 V
PROGRESS_START - Starting Operation.
'5': Programming device...
 Match_cycle = NoWait.
Match cycle: NoWait
done.
'5': Reading status register contents...
CRC error                                         :         0
Decryptor security set                            :         0
DCM locked                                        :         1
DCI matched                                       :         1
End of startup signal from Startup block          :         1
status of GTS_CFG_B                               :         1
status of GWE                                     :         1
status of GHIGH                                   :         1
value of MODE pin M0                              :         1
value of MODE pin M1                              :         0
Value of MODE pin M2                              :         1
Internal signal indicates when housecleaning is completed:         1
Value driver in from INIT pad                     :         1
Internal signal indicates that chip is configured :         1
Value of DONE pin                                 :         1
Indicates when ID value written does not match chip ID:         0
Decryptor error Signal                            :         0
System Monitor Over-Temperature Alarm             :         0
startup_state[18] CFG startup state machine       :         0
startup_state[19] CFG startup state machine       :         0
startup_state[20] CFG startup state machine       :         1
E-fuse program voltage available                  :         0
SPI Flash Type[22] Select                         :         1
SPI Flash Type[23] Select                         :         1
SPI Flash Type[24] Select                         :         1
CFG bus width auto detection result               :         0
CFG bus width auto detection result               :         0
Reserved                                          :         0
BPI address wrap around error                     :         0
IPROG pulsed                                      :         0
read back crc error                               :         0
Indicates that efuse logic is busy                :         0
INFO:iMPACT:2219 - Status register values:
INFO:iMPACT - 0011 1111 1011 1110 0000 1011 1000 0000 
INFO:iMPACT:579 - '5': Completed downloading bit file to device.
 Match_cycle = NoWait.
Match cycle: NoWait
INFO:iMPACT - '5': Checking done pin....done.
'5': Programmed successfully.
PROGRESS_END - End Operation.
Elapsed time =      8 sec.
// *** BATCH CMD : setMode -bs
// *** BATCH CMD : deleteDevice -position 1
----------------------------------------------------------------------
// *** BATCH CMD : deleteDevice -position 1
----------------------------------------------------------------------
// *** BATCH CMD : deleteDevice -position 1
----------------------------------------------------------------------
// *** BATCH CMD : deleteDevice -position 1
----------------------------------------------------------------------
// *** BATCH CMD : deleteDevice -position 1
// *** BATCH CMD : setMode -ss
// *** BATCH CMD : setMode -sm
// *** BATCH CMD : setMode -hw140
// *** BATCH CMD : setMode -spi
// *** BATCH CMD : setMode -acecf
// *** BATCH CMD : setMode -acempm
// *** BATCH CMD : setMode -pff
// *** BATCH CMD : setMode -bs
