Release 10.1.03 Map K.39 (lin64)
Xilinx Mapping Report File for Design 'led_count'

Design Information
------------------
Command Line   : map -ise /homes/ugrad/billlipeng/ecen449/lab1b/lab1b.ise
-intstyle ise -p xc5vlx110t-ff1136-1 -w -logic_opt off -ol high -t 1 -cm area
-pr off -k 6 -lc off -power off -o led_count_map.ncd led_count.ngd led_count.pcf
 
Target Device  : xc5vlx110t
Target Package : ff1136
Target Speed   : -1
Mapper Version : virtex5 -- $Revision: 1.46.12.2 $
Mapped Date    : Wed Sep 11 21:21:18 2013

Design Summary
--------------
Number of errors:      0
Number of warnings:    1
Slice Logic Utilization:
  Number of Slice Registers:                    35 out of  69,120    1%
    Number used as Flip Flops:                  35
  Number of Slice LUTs:                         72 out of  69,120    1%
    Number used as logic:                       71 out of  69,120    1%
      Number using O6 output only:              42
      Number using O5 output only:              28
      Number using O5 and O6:                    1
    Number used as exclusive route-thru:         1
  Number of route-thrus:                        29 out of 138,240    1%
    Number using O6 output only:                29

Slice Logic Distribution:
  Number of occupied Slices:                    23 out of  17,280    1%
  Number of LUT Flip Flop pairs used:           72
    Number with an unused Flip Flop:            37 out of      72   51%
    Number with an unused LUT:                   0 out of      72    0%
    Number of fully used LUT-FF pairs:          35 out of      72   48%
    Number of unique control sets:               3
    Number of slice register sites lost
      to control set restrictions:               5 out of  69,120    1%

  A LUT Flip Flop pair for this architecture represents one LUT paired with
  one Flip Flop within a slice.  A control set is a unique combination of
  clock, reset, set, and enable signals for a registered element.
  The Slice Logic Distribution report is not meaningful if the design is
  over-mapped for a non-slice resource or if Placement fails.

IO Utilization:
  Number of bonded IOBs:                         8 out of     640    1%

Specific Feature Utilization:
  Number of BUFG/BUFGCTRLs:                      1 out of      32    3%
    Number used as BUFGs:                        1

Peak Memory Usage:  921 MB
Total REAL time to MAP completion:  16 secs 
Total CPU time to MAP completion:   13 secs 

Table of Contents
-----------------
Section 1 - Errors
Section 2 - Warnings
Section 3 - Informational
Section 4 - Removed Logic Summary
Section 5 - Removed Logic
Section 6 - IOB Properties
Section 7 - RPMs
Section 8 - Guide Report
Section 9 - Area Group and Partition Summary
Section 10 - Modular Design Summary
Section 11 - Timing Report
Section 12 - Configuration String Information
Section 13 - Control Set Information
Section 14 - Utilization by Hierarchy

Section 1 - Errors
------------------

Section 2 - Warnings
--------------------

Section 3 - Informational
-------------------------
INFO:MapLib:562 - No environment variables are currently set.
INFO:LIT:244 - All of the single ended outputs in this design are using slew
   rate limited output drivers. The delay on speed critical single ended outputs
   can be dramatically reduced by designating them as fast outputs.
INFO:Pack:1716 - Initializing temperature to 85.000 Celsius. (default - Range:
   0.000 to 85.000 Celsius)
INFO:Pack:1720 - Initializing voltage to 0.950 Volts. (default - Range: 0.950 to
   1.050 Volts)
INFO:Map:215 - The Interim Design Summary has been generated in the MAP Report
   (.mrp).
INFO:Pack:1650 - Map created a placed design.

Section 4 - Removed Logic Summary
---------------------------------
   2 block(s) optimized away

Section 5 - Removed Logic
-------------------------

Optimized Block(s):
TYPE 		BLOCK
GND 		XST_GND
VCC 		XST_VCC

To enable printing of redundant blocks removed and signals merged, set the
detailed map report option and rerun map.

Section 6 - IOB Properties
--------------------------

+-------------------------------------------------------------------------------------------------------------------------------------------------+
| IOB Name                           | Type             | Direction | IO Standard          | Drive    | Slew | Reg (s)      | Resistor | IOB      |
|                                    |                  |           |                      | Strength | Rate |              |          | Delay    |
+-------------------------------------------------------------------------------------------------------------------------------------------------+
| CLOCK                              | IOB              | INPUT     | LVCMOS25             |          |      |              |          |          |
| I_SWITCHES<0>                      | IOB              | INPUT     | LVCMOS25             |          |      |              |          |          |
| I_SWITCHES<1>                      | IOB              | INPUT     | LVCMOS25             |          |      |              |          |          |
| O_LEDS<0>                          | IOB              | OUTPUT    | LVCMOS25             | 12       | SLOW |              |          |          |
| O_LEDS<1>                          | IOB              | OUTPUT    | LVCMOS25             | 12       | SLOW |              |          |          |
| O_LEDS<2>                          | IOB              | OUTPUT    | LVCMOS25             | 12       | SLOW |              |          |          |
| O_LEDS<3>                          | IOB              | OUTPUT    | LVCMOS25             | 12       | SLOW |              |          |          |
| RESET                              | IOB              | INPUT     | LVCMOS25             |          |      |              |          |          |
+-------------------------------------------------------------------------------------------------------------------------------------------------+

Section 7 - RPMs
----------------

Section 8 - Guide Report
------------------------
Guide not run on this design.

Section 9 - Area Group and Partition Summary
--------------------------------------------

Partition Implementation Status
-------------------------------

  No Partitions were found in this design.

-------------------------------

Area Group Information
----------------------

  No area groups were found in this design.

----------------------

Section 10 - Modular Design Summary
-----------------------------------
Modular Design not used for this design.

Section 11 - Timing Report
--------------------------
A logic-level (pre-route) timing report can be generated by using Xilinx static
timing analysis tools, Timing Analyzer (GUI) or TRCE (command line), with the
mapped NCD and PCF files. Please note that this timing report will be generated
using estimated delay information. For accurate numbers, please generate a
timing report with the post Place and Route NCD file.

For more information about the Timing Analyzer, consult the Xilinx Timing
Analyzer Reference Manual; for more information about TRCE, consult the Xilinx
Development System Reference Guide "TRACE" chapter.

Section 12 - Configuration String Details
-----------------------------------------
Use the "-detail" map option to print out Configuration Strings

Section 13 - Control Set Information
------------------------------------
Use the "-detail" map option to print out Control Set Information.

Section 14 - Utilization by Hierarchy
-------------------------------------
+-----------------------------------------------------------------------------------------------------------------------------------------------------------------------------------+
| Module             | Partition | Slices*       | Slice Reg     | LUTs          | LUTRAM        | BRAM/FIFO | DSP48E  | BUFG  | BUFIO | BUFR  | DCM   | PLL   | Full Hierarchical  |
+-----------------------------------------------------------------------------------------------------------------------------------------------------------------------------------+
| led_count/         |           | 23/23         | 35/35         | 72/72         | 0/0           | 0/0       | 0/0     | 1/1   | 0/0   | 0/0   | 0/0   | 0/0   | led_count          |
+-----------------------------------------------------------------------------------------------------------------------------------------------------------------------------------+

* Slices can be packed with basic elements from multiple hierarchies.
  Therefore, a slice will be counted in every hierarchical module
  that each of its packed basic elements belong to.
** For each column, there are two numbers reported <A>/<B>.
   <A> is the number of elements that belong to that specific hierarchical module.
   <B> is the total number of elements from that hierarchical module and any lower level
   hierarchical modules below.
*** The LUTRAM column counts all LUTs used as memory including RAM, ROM, and shift registers.
