Command line:
   ./testbench_isim_beh.exe
     -intstyle  ise
     -ipchost  localhost
     -ipcport  53406

Mon Sep 30 23:19:46 2013

Total Line Count : 44

 Elaboration Time: 0.01 sec

 Current Memory Usage: 276.013 Meg

 Total Signals          : 12
 Total Nets             : 22
 Total Signal Drivers   : 6
 Total Blocks           : 3
 Total Primitive Blocks : 2
 Total Processes        : 10
 Total Traceable Variables  : 22
 Total Scalar Nets and Variables : 179
ntrace select -o on -m / -l this 
ntrace start 
isimrun 1000 ns 
Simulator is doing circuit initialization process.
Finished circuit initialization process.

 Total Simulation Time: 0.02 sec

 Current Memory Usage: 287.941 Meg

Mon Sep 30 23:21:25 2013

